


ARM Macro Assembler    Page 1 


    1 00000000         ; LCD.s
    2 00000000         ; Student names: change this to your names or look very 
                       silly
    3 00000000         ; Last modification date: change this to the last modifi
                       cation date or look very silly
    4 00000000         
    5 00000000         ; Runs on LM4F120/TM4C123
    6 00000000         ; Use SSI0 to send an 8-bit code to the ST7735 160x128 p
                       ixel LCD.
    7 00000000         
    8 00000000         ; As part of Lab 7, students need to implement these LCD
                       _WriteCommand and LCD_WriteData
    9 00000000         ; This driver assumes two low-level LCD functions
   10 00000000         
   11 00000000         ; Backlight (pin 10) connected to +3.3 V
   12 00000000         ; MISO (pin 9) unconnected
   13 00000000         ; SCK (pin 8) connected to PA2 (SSI0Clk)
   14 00000000         ; MOSI (pin 7) connected to PA5 (SSI0Tx)
   15 00000000         ; TFT_CS (pin 6) connected to PA3 (SSI0Fss)
   16 00000000         ; CARD_CS (pin 5) unconnected
   17 00000000         ; Data/Command (pin 4) connected to PA6 (GPIO)
   18 00000000         ; RESET (pin 3) connected to PA7 (GPIO)
   19 00000000         ; VCC (pin 2) connected to +3.3 V
   20 00000000         ; Gnd (pin 1) connected to ground
   21 00000000         
   22 00000000 40004100 
                       DC      EQU              0x40004100
   23 00000000 00000000 
                       DC_COMMAND
                               EQU              0
   24 00000000 00000040 
                       DC_DATA EQU              0x40
   25 00000000 40008008 
                       SSI0_DR_R
                               EQU              0x40008008
   26 00000000 4000800C 
                       SSI0_SR_R
                               EQU              0x4000800C
   27 00000000 00000004 
                       SSI_SR_RNE
                               EQU              0x00000004  ; SSI Receive FIFO 
                                                            Not Empty
   28 00000000 00000010 
                       SSI_SR_BSY
                               EQU              0x00000010  ; SSI Busy Bit
   29 00000000 00000002 
                       SSI_SR_TNF
                               EQU              0x00000002  ; SSI Transmit FIFO
                                                             Not Full
   30 00000000 40004100 
                       GPIO_PORTA_DATA_R_P6
                               EQU              0X40004100  ; Pin 6 of PortA
   31 00000000                 EXPORT           writecommand
   32 00000000                 EXPORT           writedata
   33 00000000         
   34 00000000                 AREA             |.text|, CODE, READONLY, ALIGN=
2
   35 00000000                 THUMB
   36 00000000                 ALIGN



ARM Macro Assembler    Page 2 


   37 00000000         
   38 00000000         ; The Data/Command pin must be valid when the eighth bit
                        is
   39 00000000         ; sent.  The SSI module has hardware input and output FI
                       FOs
   40 00000000         ; that are 8 locations deep.  Based on the observation t
                       hat
   41 00000000         ; the LCD interface tends to send a few commands and the
                       n a
   42 00000000         ; lot of data, the FIFOs are not used when writing
   43 00000000         ; commands, and they are used when writing data.  This
   44 00000000         ; ensures that the Data/Command pin status matches the b
                       yte
   45 00000000         ; that is actually being transmitted.
   46 00000000         ; The write command operation waits until all data has b
                       een
   47 00000000         ; sent, configures the Data/Command pin for commands, se
                       nds
   48 00000000         ; the command, and then waits for the transmission to
   49 00000000         ; finish.
   50 00000000         ; The write data operation waits until there is room in 
                       the
   51 00000000         ; transmit FIFO, configures the Data/Command pin for dat
                       a,
   52 00000000         ; and then adds the data to the transmit FIFO.
   53 00000000         ; NOTE: These functions will crash or stall indefinitely
                        if
   54 00000000         ; the SSI0 module is not initialized and enabled.
   55 00000000         
   56 00000000         ; This is a helper function that sends an 8-bit command 
                       to the LCD.
   57 00000000         ; Input: R0  8-bit command to transmit
   58 00000000         ; Output: none
   59 00000000         ; Assumes: SSI0 and port A have already been initialized
                        and enabled
   60 00000000         writecommand
   61 00000000 490F            LDR              R1, =SSI0_SR_R ;1) Read SSI0_SR
                                                            _R and check bit 4,
                                                            
   62 00000002 6809            LDR              R1, [R1]
   63 00000004 F011 0210       ANDS             R2, R1, #0x10
   64 00000008 D1FE            BNE              writecommand ;2) If bit 4 is hi
                                                            gh, loop back to st
                                                            ep 1 (wait for BUSY
                                                             bit to be low)
   65 0000000A 4A0E            LDR              R2, =GPIO_PORTA_DATA_R_P6
   66 0000000C F003 0300       AND              R3, R3, #0  ; initializing R3 t
                                                            o zero
   67 00000010 6013            STR              R3, [R2]    ;3) Clear D/C=PA6 t
                                                            o zero
   68 00000012 4A0D            LDR              R2, =SSI0_DR_R
   69 00000014 6010            STR              R0, [R2]    ;4) Write the comma
                                                            nd to SSI0_DR_R
   70 00000016         wc_check
   71 00000016 490A            LDR              R1, =SSI0_SR_R ;5) Read SSI0_SR
                                                            _R and check bit 4,
                                                            
   72 00000018 6809            LDR              R1, [R1]
   73 0000001A F011 0210       ANDS             R2, R1, #0x10



ARM Macro Assembler    Page 3 


   74 0000001E D1FA            BNE              wc_check    ;6) If bit 4 is hig
                                                            h, loop back to ste
                                                            p 5 (wait for BUSY 
                                                            bit to be low)   
   75 00000020         
   76 00000020 4770            BX               LR          ;   return
   77 00000022         
   78 00000022         ; This is a helper function that sends an 8-bit data to 
                       the LCD.
   79 00000022         ; Input: R0  8-bit data to transmit
   80 00000022         ; Output: none
   81 00000022         ; Assumes: SSI0 and port A have already been initialized
                        and enabled
   82 00000022         writedata
   83 00000022 4907            LDR              R1, =SSI0_SR_R ;1) Read SSI0_SR
                                                            _R and check bit 1,
                                                            
   84 00000024 6809            LDR              R1, [R1]
   85 00000026 F011 0201       ANDS             R2, R1, #0x1
   86 0000002A D0FE            BEQ              writedata   ;2) If bit 1 is low
                                                             loop back to step 
                                                            1 (wait for TNF bit
                                                             to be high)
   87 0000002C 4A05            LDR              R2, =GPIO_PORTA_DATA_R_P6
   88 0000002E F003 0300       AND              R3, R3, #0
   89 00000032 F043 0340       ORR              R3, R3, #0x40
   90 00000036 6013            STR              R3, [R2]    ;3) Set D/C=PA6 to 
                                                            one
   91 00000038 4903            LDR              R1, =SSI0_DR_R
   92 0000003A 6008            STR              R0, [R1]    ;4) Write the 8-bit
                                                             data to SSI0_DR_R 
                                                             
   93 0000003C         
   94 0000003C 4770            BX               LR          ;   return
   95 0000003E         
   96 0000003E         
   97 0000003E         ;***************************************************
   98 0000003E         ; This is a library for the Adafruit 1.8" SPI display.
   99 0000003E         ; This library works with the Adafruit 1.8" TFT Breakout
                        w/SD card
  100 0000003E         ; ----> http://www.adafruit.com/products/358
  101 0000003E         ; as well as Adafruit raw 1.8" TFT display
  102 0000003E         ; ----> http://www.adafruit.com/products/618
  103 0000003E         ;
  104 0000003E         ; Check out the links above for our tutorials and wiring
                        diagrams
  105 0000003E         ; These displays use SPI to communicate, 4 or 5 pins are
                        required to
  106 0000003E         ; interface (RST is optional)
  107 0000003E         ; Adafruit invests time and resources providing this ope
                       n source code,
  108 0000003E         ; please support Adafruit and open-source hardware by pu
                       rchasing
  109 0000003E         ; products from Adafruit!
  110 0000003E         ;
  111 0000003E         ; Written by Limor Fried/Ladyada for Adafruit Industries
                       .
  112 0000003E         ; MIT license, all text above must be included in any re
                       distribution



ARM Macro Assembler    Page 4 


  113 0000003E         ;****************************************************
  114 0000003E         
  115 0000003E 00 00           ALIGN                        ; make sure the end
                                                             of this section is
                                                             aligned
  116 00000040                 END                          ; end of file
              4000800C 
              40004100 
              40008008 
Command Line: --debug --xref --cpu=Cortex-M4 --apcs=interwork --depend=.\lcd.d 
-o.\lcd.o -IC:\Keil\ARM\RV31\INC -IC:\Keil\ARM\CMSIS\Include -IC:\Keil\ARM\Inc\
Luminary --list=.\lcd.lst LCD.s



ARM Macro Assembler    Page 1 Alphabetic symbol ordering
Relocatable symbols

.text 00000000

Symbol: .text
   Definitions
      At line 34 in file LCD.s
   Uses
      None
Comment: .text unused
wc_check 00000016

Symbol: wc_check
   Definitions
      At line 70 in file LCD.s
   Uses
      At line 74 in file LCD.s
Comment: wc_check used once
writecommand 00000000

Symbol: writecommand
   Definitions
      At line 60 in file LCD.s
   Uses
      At line 31 in file LCD.s
      At line 64 in file LCD.s

writedata 00000022

Symbol: writedata
   Definitions
      At line 82 in file LCD.s
   Uses
      At line 32 in file LCD.s
      At line 86 in file LCD.s

4 symbols



ARM Macro Assembler    Page 1 Alphabetic symbol ordering
Absolute symbols

DC 40004100

Symbol: DC
   Definitions
      At line 22 in file LCD.s
   Uses
      None
Comment: DC unused
DC_COMMAND 00000000

Symbol: DC_COMMAND
   Definitions
      At line 23 in file LCD.s
   Uses
      None
Comment: DC_COMMAND unused
DC_DATA 00000040

Symbol: DC_DATA
   Definitions
      At line 24 in file LCD.s
   Uses
      None
Comment: DC_DATA unused
GPIO_PORTA_DATA_R_P6 40004100

Symbol: GPIO_PORTA_DATA_R_P6
   Definitions
      At line 30 in file LCD.s
   Uses
      At line 65 in file LCD.s
      At line 87 in file LCD.s

SSI0_DR_R 40008008

Symbol: SSI0_DR_R
   Definitions
      At line 25 in file LCD.s
   Uses
      At line 68 in file LCD.s
      At line 91 in file LCD.s

SSI0_SR_R 4000800C

Symbol: SSI0_SR_R
   Definitions
      At line 26 in file LCD.s
   Uses
      At line 61 in file LCD.s
      At line 71 in file LCD.s
      At line 83 in file LCD.s

SSI_SR_BSY 00000010

Symbol: SSI_SR_BSY
   Definitions
      At line 28 in file LCD.s
   Uses
      None



ARM Macro Assembler    Page 2 Alphabetic symbol ordering
Absolute symbols

Comment: SSI_SR_BSY unused
SSI_SR_RNE 00000004

Symbol: SSI_SR_RNE
   Definitions
      At line 27 in file LCD.s
   Uses
      None
Comment: SSI_SR_RNE unused
SSI_SR_TNF 00000002

Symbol: SSI_SR_TNF
   Definitions
      At line 29 in file LCD.s
   Uses
      None
Comment: SSI_SR_TNF unused
9 symbols
345 symbols in table
